# JRE version: Java(TM) SE Runtime Environment (17.0.7+8) (build 17.0.7+8-LTS-224)
# Java VM: Java HotSpot(TM) 64-Bit Server VM (17.0.7+8-LTS-224, mixed mode, sharing, tiered, compressed oops, compressed class ptrs, g1 gc, windows-amd64)
GC Precious Log:
 CPUs: 4 total, 4 available
 Memory: 3533M
 Large Page Support: Disabled
 NUMA Support: Disabled
 Compressed Oops: Enabled (32-bit)
 Heap Region Size: 1M
 Heap Min Capacity: 8M
 Heap Initial Capacity: 56M
 Heap Max Capacity: 884M
 Pre-touch: Disabled
 Parallel Workers: 4
 Concurrent Workers: 1
 Concurrent Refinement Workers: 4
 Periodic GC: Disabled
Heap:
 garbage-first heap   total 30720K, used 13400K [0x00000000c8c00000, 0x0000000100000000)
  region size 1024K, 11 young (11264K), 4 survivors (4096K)
 Metaspace       used 23608K, committed 23872K, reserved 1073152K
  class space    used 2571K, committed 2688K, reserved 1048576K
GC Heap History (8 events):
Event: 3.106 GC heap before
{Heap before GC invocations=0 (full 0):
 garbage-first heap   total 57344K, used 12288K [0x00000000c8c00000, 0x0000000100000000)
  region size 1024K, 13 young (13312K), 0 survivors (0K)
 Metaspace       used 4629K, committed 4800K, reserved 1056768K
  class space    used 425K, committed 512K, reserved 1048576K
}
Event: 3.128 GC heap after
{Heap after GC invocations=1 (full 0):
 garbage-first heap   total 57344K, used 3526K [0x00000000c8c00000, 0x0000000100000000)
  region size 1024K, 2 young (2048K), 2 survivors (2048K)
 Metaspace       used 4629K, committed 4800K, reserved 1056768K
  class space    used 425K, committed 512K, reserved 1048576K
}
Event: 5.755 GC heap before
{Heap before GC invocations=1 (full 0):
 garbage-first heap   total 57344K, used 15814K [0x00000000c8c00000, 0x0000000100000000)
  region size 1024K, 14 young (14336K), 2 survivors (2048K)
 Metaspace       used 9475K, committed 9728K, reserved 1064960K
  class space    used 911K, committed 1024K, reserved 1048576K
}
Event: 5.762 GC heap after
{Heap after GC invocations=2 (full 0):
 garbage-first heap   total 57344K, used 4630K [0x00000000c8c00000, 0x0000000100000000)
  region size 1024K, 1 young (1024K), 1 survivors (1024K)
 Metaspace       used 9475K, committed 9728K, reserved 1064960K
  class space    used 911K, committed 1024K, reserved 1048576K
}
Event: 9.049 GC heap before
{Heap before GC invocations=2 (full 0):
 garbage-first heap   total 57344K, used 24086K [0x00000000c8c00000, 0x0000000100000000)
  region size 1024K, 21 young (21504K), 1 survivors (1024K)
 Metaspace       used 15439K, committed 15680K, reserved 1064960K
  class space    used 1635K, committed 1728K, reserved 1048576K
}
Event: 9.056 GC heap after
{Heap after GC invocations=3 (full 0):
 garbage-first heap   total 57344K, used 5466K [0x00000000c8c00000, 0x0000000100000000)
  region size 1024K, 2 young (2048K), 2 survivors (2048K)
 Metaspace       used 15439K, committed 15680K, reserved 1064960K
  class space    used 1635K, committed 1728K, reserved 1048576K
}
Event: 14.465 GC heap before
{Heap before GC invocations=3 (full 0):
 garbage-first heap   total 57344K, used 32090K [0x00000000c8c00000, 0x0000000100000000)
  region size 1024K, 29 young (29696K), 2 survivors (2048K)
 Metaspace       used 21370K, committed 21504K, reserved 1073152K
  class space    used 2306K, committed 2368K, reserved 1048576K
}
Event: 14.485 GC heap after
{Heap after GC invocations=4 (full 0):
 garbage-first heap   total 57344K, used 7256K [0x00000000c8c00000, 0x0000000100000000)
  region size 1024K, 4 young (4096K), 4 survivors (4096K)
 Metaspace       used 21370K, committed 21504K, reserved 1073152K
  class space    used 2306K, committed 2368K, reserved 1048576K
}

